<?xml version="1.0" encoding="UTF-8"?>
<!-- Generated by org.testng.reporters.JUnitXMLReporter -->
<testsuite ignored="0" hostname="DESKTOP-V415AC9" failures="14" tests="34" name="AddUserTests" time="43.057" errors="0" timestamp="2024-05-06T00:28:40 MSK">
  <testcase classname="adduser.AddUserFieldsFormatPositiveTest" name="checkCheckboxesAreSelectedAndDeselected" time="0.258"/>
  <testcase classname="adduser.AddUserFieldsFormatPositiveTest" name="checkCorrectEmail" time="0.137"/>
  <testcase classname="adduser.AddUserFieldsFormatPositiveTest" name="checkCorrectEnName" time="0.147"/>
  <testcase classname="adduser.AddUserFieldsFormatPositiveTest" name="checkCorrectLongEmail" time="0.349"/>
  <testcase classname="adduser.AddUserFieldsFormatPositiveTest" name="checkCorrectLongName" time="0.327"/>
  <testcase classname="adduser.AddUserFieldsFormatPositiveTest" name="checkCorrectNameWithSpace" time="0.141"/>
  <testcase classname="adduser.AddUserFieldsFormatPositiveTest" name="checkCorrectRuName" time="0.102"/>
  <testcase classname="adduser.AddUserFieldsFormatPositiveTest" name="checkCorrectShortEmail" time="0.1"/>
  <testcase classname="adduser.AddUserFieldsFormatPositiveTest" name="checkCorrectShortName" time="0.102"/>
  <testcase classname="adduser.AddUserFieldsFormatPositiveTest" name="checkRadiobuttonSelection" time="0.083">
    <failure type="java.lang.AssertionError" message="Radiobutton wasn&amp;apos;t changed">
      <![CDATA[java.lang.AssertionError: Radiobutton wasn't changed
at adduser.AddUserFieldsFormatPositiveTest.checkRadiobuttonSelection(AddUserFieldsFormatPositiveTest.java:90)
at java.base/java.util.ArrayList.forEach(ArrayList.java:1511)
... Removed 31 stack frames]]>
    </failure>
  </testcase> <!-- checkRadiobuttonSelection -->
  <testcase classname="adduser.AddUserFieldsFormatNegativeTest" name="checkEmailWithNameAt" time="0.12"/>
  <testcase classname="adduser.AddUserFieldsFormatNegativeTest" name="checkEmailWithNameAtDomain" time="0.098">
    <failure type="java.lang.AssertionError" message="expected [Неверный формат E-Mail] but found [Поле имя не может быть пустым]">
      <![CDATA[java.lang.AssertionError: expected [Неверный формат E-Mail] but found [Поле имя не может быть пустым]
at base.BaseTest.checkAddUserEmailField(BaseTest.java:60)
at adduser.AddUserFieldsFormatNegativeTest.checkEmailWithNameAtDomain(AddUserFieldsFormatNegativeTest.java:40)
at java.base/java.util.ArrayList.forEach(ArrayList.java:1511)
... Removed 36 stack frames]]>
    </failure>
  </testcase> <!-- checkEmailWithNameAtDomain -->
  <testcase classname="adduser.AddUserFieldsFormatNegativeTest" name="checkEmailWithNameAtDomainDot" time="0.095">
    <failure type="java.lang.AssertionError" message="expected [Неверный формат E-Mail] but found [Поле имя не может быть пустым]">
      <![CDATA[java.lang.AssertionError: expected [Неверный формат E-Mail] but found [Поле имя не может быть пустым]
at base.BaseTest.checkAddUserEmailField(BaseTest.java:60)
at adduser.AddUserFieldsFormatNegativeTest.checkEmailWithNameAtDomainDot(AddUserFieldsFormatNegativeTest.java:46)
at java.base/java.util.ArrayList.forEach(ArrayList.java:1511)
... Removed 36 stack frames]]>
    </failure>
  </testcase> <!-- checkEmailWithNameAtDomainDot -->
  <testcase classname="adduser.AddUserFieldsFormatNegativeTest" name="checkEmailWithNameOnly" time="0.103"/>
  <testcase classname="adduser.AddUserFieldsFormatNegativeTest" name="checkEmailWithSpaceAfter" time="0.114">
    <failure type="java.lang.AssertionError" message="expected [Неверный формат E-Mail] but found [Поле имя не может быть пустым]">
      <![CDATA[java.lang.AssertionError: expected [Неверный формат E-Mail] but found [Поле имя не может быть пустым]
at base.BaseTest.checkAddUserEmailField(BaseTest.java:60)
at adduser.AddUserFieldsFormatNegativeTest.checkEmailWithSpaceAfter(AddUserFieldsFormatNegativeTest.java:76)
at java.base/java.util.ArrayList.forEach(ArrayList.java:1511)
... Removed 36 stack frames]]>
    </failure>
  </testcase> <!-- checkEmailWithSpaceAfter -->
  <testcase classname="adduser.AddUserFieldsFormatNegativeTest" name="checkEmailWithSpaceBefore" time="0.101">
    <failure type="java.lang.AssertionError" message="expected [Неверный формат E-Mail] but found [Поле имя не может быть пустым]">
      <![CDATA[java.lang.AssertionError: expected [Неверный формат E-Mail] but found [Поле имя не может быть пустым]
at base.BaseTest.checkAddUserEmailField(BaseTest.java:60)
at adduser.AddUserFieldsFormatNegativeTest.checkEmailWithSpaceBefore(AddUserFieldsFormatNegativeTest.java:70)
at java.base/java.util.ArrayList.forEach(ArrayList.java:1511)
... Removed 36 stack frames]]>
    </failure>
  </testcase> <!-- checkEmailWithSpaceBefore -->
  <testcase classname="adduser.AddUserFieldsFormatNegativeTest" name="checkEmailWithSpaceInCenter" time="0.102">
    <failure type="java.lang.AssertionError" message="expected [Неверный формат E-Mail] but found [Поле имя не может быть пустым]">
      <![CDATA[java.lang.AssertionError: expected [Неверный формат E-Mail] but found [Поле имя не может быть пустым]
at base.BaseTest.checkAddUserEmailField(BaseTest.java:60)
at adduser.AddUserFieldsFormatNegativeTest.checkEmailWithSpaceInCenter(AddUserFieldsFormatNegativeTest.java:82)
at java.base/java.util.ArrayList.forEach(ArrayList.java:1511)
... Removed 36 stack frames]]>
    </failure>
  </testcase> <!-- checkEmailWithSpaceInCenter -->
  <testcase classname="adduser.AddUserFieldsFormatNegativeTest" name="checkEmailWithSpacesOnly" time="0.097"/>
  <testcase classname="adduser.AddUserFieldsFormatNegativeTest" name="checkEmailWithTwoAts" time="0.096">
    <failure type="java.lang.AssertionError" message="expected [Неверный формат E-Mail] but found [Поле имя не может быть пустым]">
      <![CDATA[java.lang.AssertionError: expected [Неверный формат E-Mail] but found [Поле имя не может быть пустым]
at base.BaseTest.checkAddUserEmailField(BaseTest.java:60)
at adduser.AddUserFieldsFormatNegativeTest.checkEmailWithTwoAts(AddUserFieldsFormatNegativeTest.java:52)
at java.base/java.util.ArrayList.forEach(ArrayList.java:1511)
... Removed 36 stack frames]]>
    </failure>
  </testcase> <!-- checkEmailWithTwoAts -->
  <testcase classname="adduser.AddUserFieldsFormatNegativeTest" name="checkEmailWithTwoDots" time="0.096">
    <failure type="java.lang.AssertionError" message="expected [Неверный формат E-Mail] but found [Поле имя не может быть пустым]">
      <![CDATA[java.lang.AssertionError: expected [Неверный формат E-Mail] but found [Поле имя не может быть пустым]
at base.BaseTest.checkAddUserEmailField(BaseTest.java:60)
at adduser.AddUserFieldsFormatNegativeTest.checkEmailWithTwoDots(AddUserFieldsFormatNegativeTest.java:58)
at java.base/java.util.ArrayList.forEach(ArrayList.java:1511)
... Removed 36 stack frames]]>
    </failure>
  </testcase> <!-- checkEmailWithTwoDots -->
  <testcase classname="adduser.AddUserFieldsFormatNegativeTest" name="checkEmptyEmail" time="0.066"/>
  <testcase classname="adduser.AddUserFieldsFormatNegativeTest" name="checkEmptyName" time="0.06">
    <failure type="java.lang.AssertionError" message="expected [Поле имя не может быть пустым] but found [Неверный формат E-Mail]">
      <![CDATA[java.lang.AssertionError: expected [Поле имя не может быть пустым] but found [Неверный формат E-Mail]
at base.BaseTest.checkAddUserNameField(BaseTest.java:72)
at adduser.AddUserFieldsFormatNegativeTest.checkEmptyName(AddUserFieldsFormatNegativeTest.java:92)
at java.base/java.util.ArrayList.forEach(ArrayList.java:1511)
... Removed 36 stack frames]]>
    </failure>
  </testcase> <!-- checkEmptyName -->
  <testcase classname="adduser.AddUserFieldsFormatNegativeTest" name="checkLongName" time="0.237"/>
  <testcase classname="adduser.AddUserFieldsFormatNegativeTest" name="checkNameWithSpaceAfter" time="0.092"/>
  <testcase classname="adduser.AddUserFieldsFormatNegativeTest" name="checkNameWithSpaceBefore" time="0.094"/>
  <testcase classname="adduser.AddUserFieldsFormatNegativeTest" name="checkNameWithSpacesOnly" time="0.092"/>
  <testcase classname="adduser.AddUserFieldsFormatNegativeTest" name="checkNameWithSpecialSymbolsAndDigits" time="0.103"/>
  <testcase classname="adduser.AddUserPositiveTest" name="necessaryFieldsFilledCorrect" time="0.251"/>
  <testcase classname="adduser.AddUserPositiveTest" name="allFieldsFilledCorrect" time="0.973"/>
  <testcase classname="adduser.AddUserNegativeTest" name="allFilledExceptEmail" time="8.421">
    <failure type="java.lang.AssertionError" message="Wrong error message for incorrect email">
      <![CDATA[java.lang.AssertionError: Wrong error message for incorrect email
at adduser.AddUserNegativeTest.allFilledExceptEmail(AddUserNegativeTest.java:36)
at java.base/java.util.ArrayList.forEach(ArrayList.java:1511)
... Removed 31 stack frames]]>
    </failure>
  </testcase> <!-- allFilledExceptEmail -->
  <testcase classname="adduser.AddUserNegativeTest" name="allFilledExceptName" time="8.363">
    <failure type="java.lang.AssertionError" message="Wrong error message for incorrect email">
      <![CDATA[java.lang.AssertionError: Wrong error message for incorrect email
at adduser.AddUserNegativeTest.allFilledExceptName(AddUserNegativeTest.java:62)
at java.base/java.util.ArrayList.forEach(ArrayList.java:1511)
... Removed 31 stack frames]]>
    </failure>
  </testcase> <!-- allFilledExceptName -->
  <testcase classname="adduser.AddUserNegativeTest" name="filledOnlyUnnecessaryFields" time="8.277">
    <failure type="java.lang.AssertionError" message="Wrong error message for incorrect email">
      <![CDATA[java.lang.AssertionError: Wrong error message for incorrect email
at adduser.AddUserNegativeTest.filledOnlyUnnecessaryFields(AddUserNegativeTest.java:87)
at java.base/java.util.ArrayList.forEach(ArrayList.java:1511)
... Removed 31 stack frames]]>
    </failure>
  </testcase> <!-- filledOnlyUnnecessaryFields -->
  <testcase classname="adduser.AddUserNegativeTest" name="addFullDuplicate" time="5.203">
    <failure type="java.lang.AssertionError" message="Incorrect user was added">
      <![CDATA[java.lang.AssertionError: Incorrect user was added
at adduser.AddUserNegativeTest.addFullDuplicate(AddUserNegativeTest.java:116)
at java.base/java.util.ArrayList.forEach(ArrayList.java:1511)
... Removed 31 stack frames]]>
    </failure>
  </testcase> <!-- addFullDuplicate -->
  <testcase classname="adduser.AddUserNegativeTest" name="addDuplicateEmail" time="0.534">
    <failure type="java.lang.AssertionError" message="Incorrect user was added">
      <![CDATA[java.lang.AssertionError: Incorrect user was added
at adduser.AddUserNegativeTest.addDuplicateEmail(AddUserNegativeTest.java:146)
at java.base/java.util.ArrayList.forEach(ArrayList.java:1511)
... Removed 31 stack frames]]>
    </failure>
  </testcase> <!-- addDuplicateEmail -->
</testsuite> <!-- AddUserTests -->
