<?xml version="1.0" encoding="UTF-8"?>
<!-- Generated by org.testng.reporters.JUnitXMLReporter -->
<testsuite ignored="0" hostname="DESKTOP-V415AC9" failures="6" tests="22" name="AuthTests" time="11.298" errors="0" timestamp="2024-05-06T00:27:57 MSK">
  <testcase classname="auth.AuthFieldsFormatPositiveTest" name="checkCorrectEmail" time="0.218"/>
  <testcase classname="auth.AuthFieldsFormatPositiveTest" name="checkCorrectLongEmail" time="0.395"/>
  <testcase classname="auth.AuthFieldsFormatPositiveTest" name="checkCorrectPassword" time="0.157"/>
  <testcase classname="auth.AuthFieldsFormatPositiveTest" name="checkCorrectShortEmail" time="0.154"/>
  <testcase classname="auth.AuthFieldsFormatNegativeTest" name="checkEmailWithNameAt" time="0.202"/>
  <testcase classname="auth.AuthFieldsFormatNegativeTest" name="checkEmailWithNameAtDomain" time="0.138">
    <failure type="java.lang.AssertionError" message="expected [Неверный формат E-Mail] but found [Неверный E-Mail или пароль]">
      <![CDATA[java.lang.AssertionError: expected [Неверный формат E-Mail] but found [Неверный E-Mail или пароль]
at base.BaseTest.checkAuthEmailField(BaseTest.java:36)
at auth.AuthFieldsFormatNegativeTest.checkEmailWithNameAtDomain(AuthFieldsFormatNegativeTest.java:33)
at java.base/java.util.ArrayList.forEach(ArrayList.java:1511)
... Removed 36 stack frames]]>
    </failure>
  </testcase> <!-- checkEmailWithNameAtDomain -->
  <testcase classname="auth.AuthFieldsFormatNegativeTest" name="checkEmailWithNameAtDomainDot" time="0.231">
    <failure type="java.lang.AssertionError" message="expected [Неверный формат E-Mail] but found [Неверный E-Mail или пароль]">
      <![CDATA[java.lang.AssertionError: expected [Неверный формат E-Mail] but found [Неверный E-Mail или пароль]
at base.BaseTest.checkAuthEmailField(BaseTest.java:36)
at auth.AuthFieldsFormatNegativeTest.checkEmailWithNameAtDomainDot(AuthFieldsFormatNegativeTest.java:39)
at java.base/java.util.ArrayList.forEach(ArrayList.java:1511)
... Removed 36 stack frames]]>
    </failure>
  </testcase> <!-- checkEmailWithNameAtDomainDot -->
  <testcase classname="auth.AuthFieldsFormatNegativeTest" name="checkEmailWithNameOnly" time="0.143"/>
  <testcase classname="auth.AuthFieldsFormatNegativeTest" name="checkEmailWithTwoAts" time="0.128">
    <failure type="java.lang.AssertionError" message="expected [Неверный формат E-Mail] but found [Неверный E-Mail или пароль]">
      <![CDATA[java.lang.AssertionError: expected [Неверный формат E-Mail] but found [Неверный E-Mail или пароль]
at base.BaseTest.checkAuthEmailField(BaseTest.java:36)
at auth.AuthFieldsFormatNegativeTest.checkEmailWithTwoAts(AuthFieldsFormatNegativeTest.java:45)
at java.base/java.util.ArrayList.forEach(ArrayList.java:1511)
... Removed 36 stack frames]]>
    </failure>
  </testcase> <!-- checkEmailWithTwoAts -->
  <testcase classname="auth.AuthFieldsFormatNegativeTest" name="checkEmailWithTwoDots" time="0.174">
    <failure type="java.lang.AssertionError" message="expected [Неверный формат E-Mail] but found [Неверный E-Mail или пароль]">
      <![CDATA[java.lang.AssertionError: expected [Неверный формат E-Mail] but found [Неверный E-Mail или пароль]
at base.BaseTest.checkAuthEmailField(BaseTest.java:36)
at auth.AuthFieldsFormatNegativeTest.checkEmailWithTwoDots(AuthFieldsFormatNegativeTest.java:51)
at java.base/java.util.ArrayList.forEach(ArrayList.java:1511)
... Removed 36 stack frames]]>
    </failure>
  </testcase> <!-- checkEmailWithTwoDots -->
  <testcase classname="auth.AuthFieldsFormatNegativeTest" name="checkEmptyEmail" time="0.112"/>
  <testcase classname="auth.AuthFieldsFormatNegativeTest" name="checkEmptyPassword" time="0.071"/>
  <testcase classname="auth.AuthFieldsFormatNegativeTest" name="checkLongEmail" time="0.325">
    <failure type="java.lang.AssertionError" message="expected [Неверный формат E-Mail] but found [Неверный E-Mail или пароль]">
      <![CDATA[java.lang.AssertionError: expected [Неверный формат E-Mail] but found [Неверный E-Mail или пароль]
at base.BaseTest.checkAuthEmailField(BaseTest.java:36)
at auth.AuthFieldsFormatNegativeTest.checkLongEmail(AuthFieldsFormatNegativeTest.java:58)
at java.base/java.util.ArrayList.forEach(ArrayList.java:1511)
... Removed 36 stack frames]]>
    </failure>
  </testcase> <!-- checkLongEmail -->
  <testcase classname="auth.AuthFieldsFormatNegativeTest" name="checkLongPassword" time="0.297"/>
  <testcase classname="auth.AuthFieldsFormatNegativeTest" name="checkPasswordWithOneSymbol" time="0.142"/>
  <testcase classname="auth.AuthPositiveTest" name="authSuccess" time="2.203"/>
  <testcase classname="auth.AuthNegativeTest" name="checkAppearingAlertTwice" time="0.336">
    <failure type="java.lang.AssertionError" message="Alert holder wasn&amp;apos;t closed - probably there were two of them">
      <![CDATA[java.lang.AssertionError: Alert holder wasn't closed - probably there were two of them
at auth.AuthNegativeTest.checkAppearingAlertTwice(AuthNegativeTest.java:45)
at java.base/java.util.ArrayList.forEach(ArrayList.java:1511)
... Removed 31 stack frames]]>
    </failure>
  </testcase> <!-- checkAppearingAlertTwice -->
  <testcase classname="auth.AuthNegativeTest" name="checkCorrectEmailAndEmptyPassword" time="0.182"/>
  <testcase classname="auth.AuthNegativeTest" name="checkCorrectEmailAndIncorrectPassword" time="0.171"/>
  <testcase classname="auth.AuthNegativeTest" name="checkEmptyEmailAndCorrectPassword" time="0.121"/>
  <testcase classname="auth.AuthNegativeTest" name="checkIncorrectEmailAndCorrectPassword" time="0.162"/>
  <testcase classname="auth.AuthNegativeTest" name="checkIncorrectEmailAndIncorrectPassword" time="0.144"/>
</testsuite> <!-- AuthTests -->
